[0.438s] DEBUG:colcon:Command line arguments: ['/usr/bin/colcon', 'build']
[0.439s] DEBUG:colcon:Parsed command line arguments: Namespace(log_base=None, log_level=None, verb_name='build', build_base='build', install_base='install', merge_install=False, symlink_install=False, test_result_base=None, continue_on_error=False, executor='parallel', parallel_workers=16, event_handlers=None, ignore_user_meta=False, metas=['./colcon.meta'], base_paths=['.'], packages_ignore=None, packages_ignore_regex=None, paths=None, packages_up_to=None, packages_up_to_regex=None, packages_above=None, packages_above_and_dependencies=None, packages_above_depth=None, packages_select_by_dep=None, packages_skip_by_dep=None, packages_skip_up_to=None, packages_select_build_failed=False, packages_skip_build_finished=False, packages_select_test_failures=False, packages_skip_test_passed=False, packages_select=None, packages_skip=None, packages_select_regex=None, packages_skip_regex=None, packages_start=None, packages_end=None, allow_overriding=[], cmake_args=None, cmake_target=None, cmake_target_skip_unavailable=False, cmake_clean_cache=False, cmake_clean_first=False, cmake_force_configure=False, ament_cmake_args=None, catkin_cmake_args=None, catkin_skip_building_tests=False, verb_parser=<colcon_defaults.argument_parser.defaults.DefaultArgumentsDecorator object at 0x784a0de388e0>, verb_extension=<colcon_core.verb.build.BuildVerb object at 0x784a0de38340>, main=<bound method BuildVerb.main of <colcon_core.verb.build.BuildVerb object at 0x784a0de38340>>)
[1.298s] Level 1:colcon.colcon_core.package_discovery:discover_packages(colcon_meta) check parameters
[1.299s] Level 1:colcon.colcon_core.package_discovery:discover_packages(recursive) check parameters
[1.299s] Level 1:colcon.colcon_core.package_discovery:discover_packages(ignore) check parameters
[1.299s] Level 1:colcon.colcon_core.package_discovery:discover_packages(path) check parameters
[1.299s] Level 1:colcon.colcon_core.package_discovery:discover_packages(colcon_meta) discover
[1.299s] Level 1:colcon.colcon_core.package_discovery:discover_packages(recursive) discover
[1.300s] INFO:colcon.colcon_core.package_discovery:Crawling recursively for packages in '/home/tugberk/Desktop/Projects/ROS-test'
[1.300s] Level 1:colcon.colcon_core.package_identification:_identify(.) by extensions ['ignore', 'ignore_ament_install']
[1.300s] Level 1:colcon.colcon_core.package_identification:_identify(.) by extension 'ignore'
[1.301s] Level 1:colcon.colcon_core.package_identification:_identify(.) by extension 'ignore_ament_install'
[1.301s] Level 1:colcon.colcon_core.package_identification:_identify(.) by extensions ['colcon_pkg']
[1.301s] Level 1:colcon.colcon_core.package_identification:_identify(.) by extension 'colcon_pkg'
[1.301s] Level 1:colcon.colcon_core.package_identification:_identify(.) by extensions ['colcon_meta']
[1.301s] Level 1:colcon.colcon_core.package_identification:_identify(.) by extension 'colcon_meta'
[1.301s] Level 1:colcon.colcon_core.package_identification:_identify(.) by extensions ['ros']
[1.302s] Level 1:colcon.colcon_core.package_identification:_identify(.) by extension 'ros'
[1.407s] Level 1:colcon.colcon_core.package_identification:_identify(.) by extensions ['cmake', 'python']
[1.408s] Level 1:colcon.colcon_core.package_identification:_identify(.) by extension 'cmake'
[1.408s] Level 1:colcon.colcon_core.package_identification:_identify(.) by extension 'python'
[1.408s] Level 1:colcon.colcon_core.package_identification:_identify(.) by extensions ['python_setup_py']
[1.408s] Level 1:colcon.colcon_core.package_identification:_identify(.) by extension 'python_setup_py'
[1.409s] Level 1:colcon.colcon_core.package_identification:_identify(build) by extensions ['ignore', 'ignore_ament_install']
[1.409s] Level 1:colcon.colcon_core.package_identification:_identify(build) by extension 'ignore'
[1.409s] Level 1:colcon.colcon_core.package_identification:_identify(build) ignored
[1.410s] Level 1:colcon.colcon_core.package_identification:_identify(install) by extensions ['ignore', 'ignore_ament_install']
[1.410s] Level 1:colcon.colcon_core.package_identification:_identify(install) by extension 'ignore'
[1.410s] Level 1:colcon.colcon_core.package_identification:_identify(install) ignored
[1.411s] Level 1:colcon.colcon_core.package_identification:_identify(log) by extensions ['ignore', 'ignore_ament_install']
[1.411s] Level 1:colcon.colcon_core.package_identification:_identify(log) by extension 'ignore'
[1.411s] Level 1:colcon.colcon_core.package_identification:_identify(log) ignored
[1.412s] Level 1:colcon.colcon_core.package_identification:_identify(src) by extensions ['ignore', 'ignore_ament_install']
[1.412s] Level 1:colcon.colcon_core.package_identification:_identify(src) by extension 'ignore'
[1.412s] Level 1:colcon.colcon_core.package_identification:_identify(src) by extension 'ignore_ament_install'
[1.412s] Level 1:colcon.colcon_core.package_identification:_identify(src) by extensions ['colcon_pkg']
[1.413s] Level 1:colcon.colcon_core.package_identification:_identify(src) by extension 'colcon_pkg'
[1.413s] Level 1:colcon.colcon_core.package_identification:_identify(src) by extensions ['colcon_meta']
[1.413s] Level 1:colcon.colcon_core.package_identification:_identify(src) by extension 'colcon_meta'
[1.413s] Level 1:colcon.colcon_core.package_identification:_identify(src) by extensions ['ros']
[1.413s] Level 1:colcon.colcon_core.package_identification:_identify(src) by extension 'ros'
[1.414s] Level 1:colcon.colcon_core.package_identification:_identify(src) by extensions ['cmake', 'python']
[1.414s] Level 1:colcon.colcon_core.package_identification:_identify(src) by extension 'cmake'
[1.414s] Level 1:colcon.colcon_core.package_identification:_identify(src) by extension 'python'
[1.414s] Level 1:colcon.colcon_core.package_identification:_identify(src) by extensions ['python_setup_py']
[1.414s] Level 1:colcon.colcon_core.package_identification:_identify(src) by extension 'python_setup_py'
[1.415s] Level 1:colcon.colcon_core.package_identification:_identify(src/drone_avoidance) by extensions ['ignore', 'ignore_ament_install']
[1.415s] Level 1:colcon.colcon_core.package_identification:_identify(src/drone_avoidance) by extension 'ignore'
[1.415s] Level 1:colcon.colcon_core.package_identification:_identify(src/drone_avoidance) by extension 'ignore_ament_install'
[1.415s] Level 1:colcon.colcon_core.package_identification:_identify(src/drone_avoidance) by extensions ['colcon_pkg']
[1.416s] Level 1:colcon.colcon_core.package_identification:_identify(src/drone_avoidance) by extension 'colcon_pkg'
[1.416s] Level 1:colcon.colcon_core.package_identification:_identify(src/drone_avoidance) by extensions ['colcon_meta']
[1.416s] Level 1:colcon.colcon_core.package_identification:_identify(src/drone_avoidance) by extension 'colcon_meta'
[1.416s] Level 1:colcon.colcon_core.package_identification:_identify(src/drone_avoidance) by extensions ['ros']
[1.416s] Level 1:colcon.colcon_core.package_identification:_identify(src/drone_avoidance) by extension 'ros'
[1.424s] DEBUG:colcon.colcon_core.package_identification:Package 'src/drone_avoidance' with type 'ros.ament_python' and name 'drone_avoidance'
[1.425s] Level 1:colcon.colcon_core.package_discovery:discover_packages(recursive) using defaults
[1.425s] Level 1:colcon.colcon_core.package_discovery:discover_packages(ignore) discover
[1.425s] Level 1:colcon.colcon_core.package_discovery:discover_packages(ignore) using defaults
[1.425s] Level 1:colcon.colcon_core.package_discovery:discover_packages(path) discover
[1.425s] Level 1:colcon.colcon_core.package_discovery:discover_packages(path) using defaults
[1.490s] Level 1:colcon.colcon_core.package_discovery:discover_packages(prefix_path) check parameters
[1.490s] Level 1:colcon.colcon_core.package_discovery:discover_packages(prefix_path) discover
[1.495s] DEBUG:colcon.colcon_installed_package_information.package_discovery:Found 1 installed packages in /home/tugberk/Desktop/Projects/ROS-test/install
[1.500s] DEBUG:colcon.colcon_installed_package_information.package_discovery:Found 373 installed packages in /opt/ros/humble
[1.506s] Level 1:colcon.colcon_core.package_discovery:discover_packages(prefix_path) using defaults
[1.688s] Level 5:colcon.colcon_core.verb:set package 'drone_avoidance' build argument 'cmake_args' from command line to 'None'
[1.688s] Level 5:colcon.colcon_core.verb:set package 'drone_avoidance' build argument 'cmake_target' from command line to 'None'
[1.688s] Level 5:colcon.colcon_core.verb:set package 'drone_avoidance' build argument 'cmake_target_skip_unavailable' from command line to 'False'
[1.688s] Level 5:colcon.colcon_core.verb:set package 'drone_avoidance' build argument 'cmake_clean_cache' from command line to 'False'
[1.688s] Level 5:colcon.colcon_core.verb:set package 'drone_avoidance' build argument 'cmake_clean_first' from command line to 'False'
[1.689s] Level 5:colcon.colcon_core.verb:set package 'drone_avoidance' build argument 'cmake_force_configure' from command line to 'False'
[1.689s] Level 5:colcon.colcon_core.verb:set package 'drone_avoidance' build argument 'ament_cmake_args' from command line to 'None'
[1.689s] Level 5:colcon.colcon_core.verb:set package 'drone_avoidance' build argument 'catkin_cmake_args' from command line to 'None'
[1.689s] Level 5:colcon.colcon_core.verb:set package 'drone_avoidance' build argument 'catkin_skip_building_tests' from command line to 'False'
[1.689s] DEBUG:colcon.colcon_core.verb:Building package 'drone_avoidance' with the following arguments: {'ament_cmake_args': None, 'build_base': '/home/tugberk/Desktop/Projects/ROS-test/build/drone_avoidance', 'catkin_cmake_args': None, 'catkin_skip_building_tests': False, 'cmake_args': None, 'cmake_clean_cache': False, 'cmake_clean_first': False, 'cmake_force_configure': False, 'cmake_target': None, 'cmake_target_skip_unavailable': False, 'install_base': '/home/tugberk/Desktop/Projects/ROS-test/install/drone_avoidance', 'merge_install': False, 'path': '/home/tugberk/Desktop/Projects/ROS-test/src/drone_avoidance', 'symlink_install': False, 'test_result_base': None}
[1.690s] INFO:colcon.colcon_core.executor:Executing jobs using 'parallel' executor
[1.692s] DEBUG:colcon.colcon_parallel_executor.executor.parallel:run_until_complete
[1.693s] INFO:colcon.colcon_ros.task.ament_python.build:Building ROS package in '/home/tugberk/Desktop/Projects/ROS-test/src/drone_avoidance' with build type 'ament_python'
[1.694s] Level 1:colcon.colcon_core.shell:create_environment_hook('drone_avoidance', 'ament_prefix_path')
[1.701s] INFO:colcon.colcon_core.plugin_system:Skipping extension 'colcon_core.shell.bat': Not used on non-Windows systems
[1.702s] INFO:colcon.colcon_core.shell:Creating environment hook '/home/tugberk/Desktop/Projects/ROS-test/install/drone_avoidance/share/drone_avoidance/hook/ament_prefix_path.ps1'
[1.704s] INFO:colcon.colcon_core.shell:Creating environment descriptor '/home/tugberk/Desktop/Projects/ROS-test/install/drone_avoidance/share/drone_avoidance/hook/ament_prefix_path.dsv'
[1.706s] INFO:colcon.colcon_core.shell:Creating environment hook '/home/tugberk/Desktop/Projects/ROS-test/install/drone_avoidance/share/drone_avoidance/hook/ament_prefix_path.sh'
[1.708s] INFO:colcon.colcon_core.shell:Skip shell extension 'powershell' for command environment: Not usable outside of PowerShell
[1.709s] DEBUG:colcon.colcon_core.shell:Skip shell extension 'dsv' for command environment
[2.901s] WARNING:colcon.colcon_ros.task.ament_python.build:Package 'drone_avoidance' doesn't explicitly install a marker in the package index (colcon-ros currently does it implicitly but that fallback will be removed in the future)
[2.902s] INFO:colcon.colcon_core.task.python.build:Building Python package in '/home/tugberk/Desktop/Projects/ROS-test/src/drone_avoidance'
[2.902s] INFO:colcon.colcon_core.shell:Skip shell extension 'powershell' for command environment: Not usable outside of PowerShell
[2.903s] DEBUG:colcon.colcon_core.shell:Skip shell extension 'dsv' for command environment
[4.276s] DEBUG:colcon.colcon_core.event_handler.log_command:Invoking command in '/home/tugberk/Desktop/Projects/ROS-test/src/drone_avoidance': PYTHONPATH=/home/tugberk/Desktop/Projects/ROS-test/build/drone_avoidance/prefix_override:/usr/lib/python3/dist-packages/colcon_core/task/python/colcon_distutils_commands:/home/tugberk/Desktop/Projects/ROS-test/install/drone_avoidance/lib/python3.10/site-packages:${PYTHONPATH} /usr/bin/python3 -W ignore:setup.py install is deprecated setup.py egg_info --egg-base ../../build/drone_avoidance build --build-base /home/tugberk/Desktop/Projects/ROS-test/build/drone_avoidance/build install --record /home/tugberk/Desktop/Projects/ROS-test/build/drone_avoidance/install.log --single-version-externally-managed install_data
[5.616s] DEBUG:colcon.colcon_core.event_handler.log_command:Invoked command in '/home/tugberk/Desktop/Projects/ROS-test/src/drone_avoidance' returned '0': PYTHONPATH=/home/tugberk/Desktop/Projects/ROS-test/build/drone_avoidance/prefix_override:/usr/lib/python3/dist-packages/colcon_core/task/python/colcon_distutils_commands:/home/tugberk/Desktop/Projects/ROS-test/install/drone_avoidance/lib/python3.10/site-packages:${PYTHONPATH} /usr/bin/python3 -W ignore:setup.py install is deprecated setup.py egg_info --egg-base ../../build/drone_avoidance build --build-base /home/tugberk/Desktop/Projects/ROS-test/build/drone_avoidance/build install --record /home/tugberk/Desktop/Projects/ROS-test/build/drone_avoidance/install.log --single-version-externally-managed install_data
[5.623s] Level 1:colcon.colcon_core.environment:checking '/home/tugberk/Desktop/Projects/ROS-test/install/drone_avoidance' for CMake module files
[5.625s] Level 1:colcon.colcon_core.environment:checking '/home/tugberk/Desktop/Projects/ROS-test/install/drone_avoidance' for CMake config files
[5.627s] Level 1:colcon.colcon_core.environment:checking '/home/tugberk/Desktop/Projects/ROS-test/install/drone_avoidance/lib'
[5.628s] Level 1:colcon.colcon_core.environment:checking '/home/tugberk/Desktop/Projects/ROS-test/install/drone_avoidance/bin'
[5.628s] Level 1:colcon.colcon_core.environment:checking '/home/tugberk/Desktop/Projects/ROS-test/install/drone_avoidance/lib/pkgconfig/drone_avoidance.pc'
[5.629s] Level 1:colcon.colcon_core.environment:checking '/home/tugberk/Desktop/Projects/ROS-test/install/drone_avoidance/lib/python3.10/site-packages'
[5.629s] Level 1:colcon.colcon_core.shell:create_environment_hook('drone_avoidance', 'pythonpath')
[5.630s] INFO:colcon.colcon_core.shell:Creating environment hook '/home/tugberk/Desktop/Projects/ROS-test/install/drone_avoidance/share/drone_avoidance/hook/pythonpath.ps1'
[5.631s] INFO:colcon.colcon_core.shell:Creating environment descriptor '/home/tugberk/Desktop/Projects/ROS-test/install/drone_avoidance/share/drone_avoidance/hook/pythonpath.dsv'
[5.632s] INFO:colcon.colcon_core.shell:Creating environment hook '/home/tugberk/Desktop/Projects/ROS-test/install/drone_avoidance/share/drone_avoidance/hook/pythonpath.sh'
[5.634s] Level 1:colcon.colcon_core.environment:checking '/home/tugberk/Desktop/Projects/ROS-test/install/drone_avoidance/bin'
[5.635s] Level 1:colcon.colcon_core.environment:create_environment_scripts_only(drone_avoidance)
[5.636s] INFO:colcon.colcon_core.shell:Creating package script '/home/tugberk/Desktop/Projects/ROS-test/install/drone_avoidance/share/drone_avoidance/package.ps1'
[5.639s] INFO:colcon.colcon_core.shell:Creating package descriptor '/home/tugberk/Desktop/Projects/ROS-test/install/drone_avoidance/share/drone_avoidance/package.dsv'
[5.641s] INFO:colcon.colcon_core.shell:Creating package script '/home/tugberk/Desktop/Projects/ROS-test/install/drone_avoidance/share/drone_avoidance/package.sh'
[5.644s] INFO:colcon.colcon_core.shell:Creating package script '/home/tugberk/Desktop/Projects/ROS-test/install/drone_avoidance/share/drone_avoidance/package.bash'
[5.647s] INFO:colcon.colcon_core.shell:Creating package script '/home/tugberk/Desktop/Projects/ROS-test/install/drone_avoidance/share/drone_avoidance/package.zsh'
[5.649s] Level 1:colcon.colcon_core.environment:create_file_with_runtime_dependencies(/home/tugberk/Desktop/Projects/ROS-test/install/drone_avoidance/share/colcon-core/packages/drone_avoidance)
[5.650s] DEBUG:colcon.colcon_parallel_executor.executor.parallel:closing loop
[5.651s] DEBUG:colcon.colcon_parallel_executor.executor.parallel:loop closed
[5.651s] DEBUG:colcon.colcon_parallel_executor.executor.parallel:run_until_complete finished with '0'
[5.651s] DEBUG:colcon.colcon_core.event_reactor:joining thread
[5.668s] INFO:colcon.colcon_core.plugin_system:Skipping extension 'colcon_notification.desktop_notification.terminal_notifier': Not used on non-Darwin systems
[5.668s] INFO:colcon.colcon_core.plugin_system:Skipping extension 'colcon_notification.desktop_notification.win32': Not used on non-Windows systems
[5.669s] INFO:colcon.colcon_notification.desktop_notification:Sending desktop notification using 'notify2'
[5.713s] DEBUG:colcon.colcon_core.event_reactor:joined thread
[5.714s] INFO:colcon.colcon_core.shell:Creating prefix script '/home/tugberk/Desktop/Projects/ROS-test/install/local_setup.ps1'
[5.717s] INFO:colcon.colcon_core.shell:Creating prefix util module '/home/tugberk/Desktop/Projects/ROS-test/install/_local_setup_util_ps1.py'
[5.722s] INFO:colcon.colcon_core.shell:Creating prefix chain script '/home/tugberk/Desktop/Projects/ROS-test/install/setup.ps1'
[5.726s] INFO:colcon.colcon_core.shell:Creating prefix script '/home/tugberk/Desktop/Projects/ROS-test/install/local_setup.sh'
[5.728s] INFO:colcon.colcon_core.shell:Creating prefix util module '/home/tugberk/Desktop/Projects/ROS-test/install/_local_setup_util_sh.py'
[5.730s] INFO:colcon.colcon_core.shell:Creating prefix chain script '/home/tugberk/Desktop/Projects/ROS-test/install/setup.sh'
[5.734s] INFO:colcon.colcon_core.shell:Creating prefix script '/home/tugberk/Desktop/Projects/ROS-test/install/local_setup.bash'
[5.736s] INFO:colcon.colcon_core.shell:Creating prefix chain script '/home/tugberk/Desktop/Projects/ROS-test/install/setup.bash'
[5.740s] INFO:colcon.colcon_core.shell:Creating prefix script '/home/tugberk/Desktop/Projects/ROS-test/install/local_setup.zsh'
[5.742s] INFO:colcon.colcon_core.shell:Creating prefix chain script '/home/tugberk/Desktop/Projects/ROS-test/install/setup.zsh'
