[0.603s] DEBUG:colcon:Command line arguments: ['/usr/bin/colcon', 'build']
[0.603s] DEBUG:colcon:Parsed command line arguments: Namespace(log_base=None, log_level=None, verb_name='build', build_base='build', install_base='install', merge_install=False, symlink_install=False, test_result_base=None, continue_on_error=False, executor='parallel', parallel_workers=16, event_handlers=None, ignore_user_meta=False, metas=['./colcon.meta'], base_paths=['.'], packages_ignore=None, packages_ignore_regex=None, paths=None, packages_up_to=None, packages_up_to_regex=None, packages_above=None, packages_above_and_dependencies=None, packages_above_depth=None, packages_select_by_dep=None, packages_skip_by_dep=None, packages_skip_up_to=None, packages_select_build_failed=False, packages_skip_build_finished=False, packages_select_test_failures=False, packages_skip_test_passed=False, packages_select=None, packages_skip=None, packages_select_regex=None, packages_skip_regex=None, packages_start=None, packages_end=None, allow_overriding=[], cmake_args=None, cmake_target=None, cmake_target_skip_unavailable=False, cmake_clean_cache=False, cmake_clean_first=False, cmake_force_configure=False, ament_cmake_args=None, catkin_cmake_args=None, catkin_skip_building_tests=False, verb_parser=<colcon_defaults.argument_parser.defaults.DefaultArgumentsDecorator object at 0x75ca4093c8e0>, verb_extension=<colcon_core.verb.build.BuildVerb object at 0x75ca4093c340>, main=<bound method BuildVerb.main of <colcon_core.verb.build.BuildVerb object at 0x75ca4093c340>>)
[1.574s] Level 1:colcon.colcon_core.package_discovery:discover_packages(colcon_meta) check parameters
[1.574s] Level 1:colcon.colcon_core.package_discovery:discover_packages(recursive) check parameters
[1.575s] Level 1:colcon.colcon_core.package_discovery:discover_packages(ignore) check parameters
[1.575s] Level 1:colcon.colcon_core.package_discovery:discover_packages(path) check parameters
[1.575s] Level 1:colcon.colcon_core.package_discovery:discover_packages(colcon_meta) discover
[1.575s] Level 1:colcon.colcon_core.package_discovery:discover_packages(recursive) discover
[1.576s] INFO:colcon.colcon_core.package_discovery:Crawling recursively for packages in '/home/tugberk/Desktop/Projects/ROS-test'
[1.576s] Level 1:colcon.colcon_core.package_identification:_identify(.) by extensions ['ignore', 'ignore_ament_install']
[1.577s] Level 1:colcon.colcon_core.package_identification:_identify(.) by extension 'ignore'
[1.577s] Level 1:colcon.colcon_core.package_identification:_identify(.) by extension 'ignore_ament_install'
[1.577s] Level 1:colcon.colcon_core.package_identification:_identify(.) by extensions ['colcon_pkg']
[1.577s] Level 1:colcon.colcon_core.package_identification:_identify(.) by extension 'colcon_pkg'
[1.578s] Level 1:colcon.colcon_core.package_identification:_identify(.) by extensions ['colcon_meta']
[1.578s] Level 1:colcon.colcon_core.package_identification:_identify(.) by extension 'colcon_meta'
[1.578s] Level 1:colcon.colcon_core.package_identification:_identify(.) by extensions ['ros']
[1.578s] Level 1:colcon.colcon_core.package_identification:_identify(.) by extension 'ros'
[1.728s] Level 1:colcon.colcon_core.package_identification:_identify(.) by extensions ['cmake', 'python']
[1.729s] Level 1:colcon.colcon_core.package_identification:_identify(.) by extension 'cmake'
[1.729s] Level 1:colcon.colcon_core.package_identification:_identify(.) by extension 'python'
[1.729s] Level 1:colcon.colcon_core.package_identification:_identify(.) by extensions ['python_setup_py']
[1.729s] Level 1:colcon.colcon_core.package_identification:_identify(.) by extension 'python_setup_py'
[1.730s] Level 1:colcon.colcon_core.package_identification:_identify(build) by extensions ['ignore', 'ignore_ament_install']
[1.730s] Level 1:colcon.colcon_core.package_identification:_identify(build) by extension 'ignore'
[1.731s] Level 1:colcon.colcon_core.package_identification:_identify(build) ignored
[1.731s] Level 1:colcon.colcon_core.package_identification:_identify(install) by extensions ['ignore', 'ignore_ament_install']
[1.731s] Level 1:colcon.colcon_core.package_identification:_identify(install) by extension 'ignore'
[1.732s] Level 1:colcon.colcon_core.package_identification:_identify(install) ignored
[1.732s] Level 1:colcon.colcon_core.package_identification:_identify(log) by extensions ['ignore', 'ignore_ament_install']
[1.733s] Level 1:colcon.colcon_core.package_identification:_identify(log) by extension 'ignore'
[1.733s] Level 1:colcon.colcon_core.package_identification:_identify(log) ignored
[1.733s] Level 1:colcon.colcon_core.package_identification:_identify(src) by extensions ['ignore', 'ignore_ament_install']
[1.734s] Level 1:colcon.colcon_core.package_identification:_identify(src) by extension 'ignore'
[1.734s] Level 1:colcon.colcon_core.package_identification:_identify(src) by extension 'ignore_ament_install'
[1.734s] Level 1:colcon.colcon_core.package_identification:_identify(src) by extensions ['colcon_pkg']
[1.734s] Level 1:colcon.colcon_core.package_identification:_identify(src) by extension 'colcon_pkg'
[1.734s] Level 1:colcon.colcon_core.package_identification:_identify(src) by extensions ['colcon_meta']
[1.734s] Level 1:colcon.colcon_core.package_identification:_identify(src) by extension 'colcon_meta'
[1.735s] Level 1:colcon.colcon_core.package_identification:_identify(src) by extensions ['ros']
[1.735s] Level 1:colcon.colcon_core.package_identification:_identify(src) by extension 'ros'
[1.735s] Level 1:colcon.colcon_core.package_identification:_identify(src) by extensions ['cmake', 'python']
[1.735s] Level 1:colcon.colcon_core.package_identification:_identify(src) by extension 'cmake'
[1.735s] Level 1:colcon.colcon_core.package_identification:_identify(src) by extension 'python'
[1.736s] Level 1:colcon.colcon_core.package_identification:_identify(src) by extensions ['python_setup_py']
[1.736s] Level 1:colcon.colcon_core.package_identification:_identify(src) by extension 'python_setup_py'
[1.736s] Level 1:colcon.colcon_core.package_identification:_identify(src/drone_avoidance) by extensions ['ignore', 'ignore_ament_install']
[1.737s] Level 1:colcon.colcon_core.package_identification:_identify(src/drone_avoidance) by extension 'ignore'
[1.737s] Level 1:colcon.colcon_core.package_identification:_identify(src/drone_avoidance) by extension 'ignore_ament_install'
[1.737s] Level 1:colcon.colcon_core.package_identification:_identify(src/drone_avoidance) by extensions ['colcon_pkg']
[1.737s] Level 1:colcon.colcon_core.package_identification:_identify(src/drone_avoidance) by extension 'colcon_pkg'
[1.737s] Level 1:colcon.colcon_core.package_identification:_identify(src/drone_avoidance) by extensions ['colcon_meta']
[1.738s] Level 1:colcon.colcon_core.package_identification:_identify(src/drone_avoidance) by extension 'colcon_meta'
[1.738s] Level 1:colcon.colcon_core.package_identification:_identify(src/drone_avoidance) by extensions ['ros']
[1.738s] Level 1:colcon.colcon_core.package_identification:_identify(src/drone_avoidance) by extension 'ros'
[1.749s] DEBUG:colcon.colcon_core.package_identification:Package 'src/drone_avoidance' with type 'ros.ament_python' and name 'drone_avoidance'
[1.749s] Level 1:colcon.colcon_core.package_discovery:discover_packages(recursive) using defaults
[1.749s] Level 1:colcon.colcon_core.package_discovery:discover_packages(ignore) discover
[1.749s] Level 1:colcon.colcon_core.package_discovery:discover_packages(ignore) using defaults
[1.750s] Level 1:colcon.colcon_core.package_discovery:discover_packages(path) discover
[1.750s] Level 1:colcon.colcon_core.package_discovery:discover_packages(path) using defaults
[1.839s] Level 1:colcon.colcon_core.package_discovery:discover_packages(prefix_path) check parameters
[1.839s] Level 1:colcon.colcon_core.package_discovery:discover_packages(prefix_path) discover
[1.846s] DEBUG:colcon.colcon_installed_package_information.package_discovery:Found 1 installed packages in /home/tugberk/Desktop/Projects/ROS-test/install
[1.853s] DEBUG:colcon.colcon_installed_package_information.package_discovery:Found 373 installed packages in /opt/ros/humble
[1.861s] Level 1:colcon.colcon_core.package_discovery:discover_packages(prefix_path) using defaults
[2.112s] Level 5:colcon.colcon_core.verb:set package 'drone_avoidance' build argument 'cmake_args' from command line to 'None'
[2.112s] Level 5:colcon.colcon_core.verb:set package 'drone_avoidance' build argument 'cmake_target' from command line to 'None'
[2.112s] Level 5:colcon.colcon_core.verb:set package 'drone_avoidance' build argument 'cmake_target_skip_unavailable' from command line to 'False'
[2.112s] Level 5:colcon.colcon_core.verb:set package 'drone_avoidance' build argument 'cmake_clean_cache' from command line to 'False'
[2.113s] Level 5:colcon.colcon_core.verb:set package 'drone_avoidance' build argument 'cmake_clean_first' from command line to 'False'
[2.113s] Level 5:colcon.colcon_core.verb:set package 'drone_avoidance' build argument 'cmake_force_configure' from command line to 'False'
[2.113s] Level 5:colcon.colcon_core.verb:set package 'drone_avoidance' build argument 'ament_cmake_args' from command line to 'None'
[2.113s] Level 5:colcon.colcon_core.verb:set package 'drone_avoidance' build argument 'catkin_cmake_args' from command line to 'None'
[2.113s] Level 5:colcon.colcon_core.verb:set package 'drone_avoidance' build argument 'catkin_skip_building_tests' from command line to 'False'
[2.113s] DEBUG:colcon.colcon_core.verb:Building package 'drone_avoidance' with the following arguments: {'ament_cmake_args': None, 'build_base': '/home/tugberk/Desktop/Projects/ROS-test/build/drone_avoidance', 'catkin_cmake_args': None, 'catkin_skip_building_tests': False, 'cmake_args': None, 'cmake_clean_cache': False, 'cmake_clean_first': False, 'cmake_force_configure': False, 'cmake_target': None, 'cmake_target_skip_unavailable': False, 'install_base': '/home/tugberk/Desktop/Projects/ROS-test/install/drone_avoidance', 'merge_install': False, 'path': '/home/tugberk/Desktop/Projects/ROS-test/src/drone_avoidance', 'symlink_install': False, 'test_result_base': None}
[2.114s] INFO:colcon.colcon_core.executor:Executing jobs using 'parallel' executor
[2.117s] DEBUG:colcon.colcon_parallel_executor.executor.parallel:run_until_complete
[2.118s] INFO:colcon.colcon_ros.task.ament_python.build:Building ROS package in '/home/tugberk/Desktop/Projects/ROS-test/src/drone_avoidance' with build type 'ament_python'
[2.119s] Level 1:colcon.colcon_core.shell:create_environment_hook('drone_avoidance', 'ament_prefix_path')
[2.126s] INFO:colcon.colcon_core.plugin_system:Skipping extension 'colcon_core.shell.bat': Not used on non-Windows systems
[2.127s] INFO:colcon.colcon_core.shell:Creating environment hook '/home/tugberk/Desktop/Projects/ROS-test/install/drone_avoidance/share/drone_avoidance/hook/ament_prefix_path.ps1'
[2.130s] INFO:colcon.colcon_core.shell:Creating environment descriptor '/home/tugberk/Desktop/Projects/ROS-test/install/drone_avoidance/share/drone_avoidance/hook/ament_prefix_path.dsv'
[2.131s] INFO:colcon.colcon_core.shell:Creating environment hook '/home/tugberk/Desktop/Projects/ROS-test/install/drone_avoidance/share/drone_avoidance/hook/ament_prefix_path.sh'
[2.134s] INFO:colcon.colcon_core.shell:Skip shell extension 'powershell' for command environment: Not usable outside of PowerShell
[2.135s] DEBUG:colcon.colcon_core.shell:Skip shell extension 'dsv' for command environment
[3.671s] WARNING:colcon.colcon_ros.task.ament_python.build:Package 'drone_avoidance' doesn't explicitly install a marker in the package index (colcon-ros currently does it implicitly but that fallback will be removed in the future)
[3.672s] INFO:colcon.colcon_core.task.python.build:Building Python package in '/home/tugberk/Desktop/Projects/ROS-test/src/drone_avoidance'
[3.673s] INFO:colcon.colcon_core.shell:Skip shell extension 'powershell' for command environment: Not usable outside of PowerShell
[3.673s] DEBUG:colcon.colcon_core.shell:Skip shell extension 'dsv' for command environment
[5.470s] DEBUG:colcon.colcon_core.event_handler.log_command:Invoking command in '/home/tugberk/Desktop/Projects/ROS-test/src/drone_avoidance': PYTHONPATH=/home/tugberk/Desktop/Projects/ROS-test/build/drone_avoidance/prefix_override:/usr/lib/python3/dist-packages/colcon_core/task/python/colcon_distutils_commands:/home/tugberk/Desktop/Projects/ROS-test/install/drone_avoidance/lib/python3.10/site-packages:${PYTHONPATH} /usr/bin/python3 -W ignore:setup.py install is deprecated setup.py egg_info --egg-base ../../build/drone_avoidance build --build-base /home/tugberk/Desktop/Projects/ROS-test/build/drone_avoidance/build install --record /home/tugberk/Desktop/Projects/ROS-test/build/drone_avoidance/install.log --single-version-externally-managed install_data
[6.797s] DEBUG:colcon.colcon_core.event_handler.log_command:Invoked command in '/home/tugberk/Desktop/Projects/ROS-test/src/drone_avoidance' returned '0': PYTHONPATH=/home/tugberk/Desktop/Projects/ROS-test/build/drone_avoidance/prefix_override:/usr/lib/python3/dist-packages/colcon_core/task/python/colcon_distutils_commands:/home/tugberk/Desktop/Projects/ROS-test/install/drone_avoidance/lib/python3.10/site-packages:${PYTHONPATH} /usr/bin/python3 -W ignore:setup.py install is deprecated setup.py egg_info --egg-base ../../build/drone_avoidance build --build-base /home/tugberk/Desktop/Projects/ROS-test/build/drone_avoidance/build install --record /home/tugberk/Desktop/Projects/ROS-test/build/drone_avoidance/install.log --single-version-externally-managed install_data
[6.809s] Level 1:colcon.colcon_core.environment:checking '/home/tugberk/Desktop/Projects/ROS-test/install/drone_avoidance' for CMake module files
[6.812s] Level 1:colcon.colcon_core.environment:checking '/home/tugberk/Desktop/Projects/ROS-test/install/drone_avoidance' for CMake config files
[6.815s] Level 1:colcon.colcon_core.environment:checking '/home/tugberk/Desktop/Projects/ROS-test/install/drone_avoidance/lib'
[6.816s] Level 1:colcon.colcon_core.environment:checking '/home/tugberk/Desktop/Projects/ROS-test/install/drone_avoidance/bin'
[6.816s] Level 1:colcon.colcon_core.environment:checking '/home/tugberk/Desktop/Projects/ROS-test/install/drone_avoidance/lib/pkgconfig/drone_avoidance.pc'
[6.818s] Level 1:colcon.colcon_core.environment:checking '/home/tugberk/Desktop/Projects/ROS-test/install/drone_avoidance/lib/python3.10/site-packages'
[6.818s] Level 1:colcon.colcon_core.shell:create_environment_hook('drone_avoidance', 'pythonpath')
[6.820s] INFO:colcon.colcon_core.shell:Creating environment hook '/home/tugberk/Desktop/Projects/ROS-test/install/drone_avoidance/share/drone_avoidance/hook/pythonpath.ps1'
[6.822s] INFO:colcon.colcon_core.shell:Creating environment descriptor '/home/tugberk/Desktop/Projects/ROS-test/install/drone_avoidance/share/drone_avoidance/hook/pythonpath.dsv'
[6.824s] INFO:colcon.colcon_core.shell:Creating environment hook '/home/tugberk/Desktop/Projects/ROS-test/install/drone_avoidance/share/drone_avoidance/hook/pythonpath.sh'
[6.827s] Level 1:colcon.colcon_core.environment:checking '/home/tugberk/Desktop/Projects/ROS-test/install/drone_avoidance/bin'
[6.827s] Level 1:colcon.colcon_core.environment:create_environment_scripts_only(drone_avoidance)
[6.829s] INFO:colcon.colcon_core.shell:Creating package script '/home/tugberk/Desktop/Projects/ROS-test/install/drone_avoidance/share/drone_avoidance/package.ps1'
[6.833s] INFO:colcon.colcon_core.shell:Creating package descriptor '/home/tugberk/Desktop/Projects/ROS-test/install/drone_avoidance/share/drone_avoidance/package.dsv'
[6.835s] INFO:colcon.colcon_core.shell:Creating package script '/home/tugberk/Desktop/Projects/ROS-test/install/drone_avoidance/share/drone_avoidance/package.sh'
[6.840s] INFO:colcon.colcon_core.shell:Creating package script '/home/tugberk/Desktop/Projects/ROS-test/install/drone_avoidance/share/drone_avoidance/package.bash'
[6.845s] INFO:colcon.colcon_core.shell:Creating package script '/home/tugberk/Desktop/Projects/ROS-test/install/drone_avoidance/share/drone_avoidance/package.zsh'
[6.849s] Level 1:colcon.colcon_core.environment:create_file_with_runtime_dependencies(/home/tugberk/Desktop/Projects/ROS-test/install/drone_avoidance/share/colcon-core/packages/drone_avoidance)
[6.850s] DEBUG:colcon.colcon_parallel_executor.executor.parallel:closing loop
[6.851s] DEBUG:colcon.colcon_parallel_executor.executor.parallel:loop closed
[6.852s] DEBUG:colcon.colcon_parallel_executor.executor.parallel:run_until_complete finished with '0'
[6.852s] DEBUG:colcon.colcon_core.event_reactor:joining thread
[6.869s] INFO:colcon.colcon_core.plugin_system:Skipping extension 'colcon_notification.desktop_notification.terminal_notifier': Not used on non-Darwin systems
[6.869s] INFO:colcon.colcon_core.plugin_system:Skipping extension 'colcon_notification.desktop_notification.win32': Not used on non-Windows systems
[6.870s] INFO:colcon.colcon_notification.desktop_notification:Sending desktop notification using 'notify2'
[6.918s] DEBUG:colcon.colcon_core.event_reactor:joined thread
[6.919s] INFO:colcon.colcon_core.shell:Creating prefix script '/home/tugberk/Desktop/Projects/ROS-test/install/local_setup.ps1'
[6.922s] INFO:colcon.colcon_core.shell:Creating prefix util module '/home/tugberk/Desktop/Projects/ROS-test/install/_local_setup_util_ps1.py'
[6.927s] INFO:colcon.colcon_core.shell:Creating prefix chain script '/home/tugberk/Desktop/Projects/ROS-test/install/setup.ps1'
[6.931s] INFO:colcon.colcon_core.shell:Creating prefix script '/home/tugberk/Desktop/Projects/ROS-test/install/local_setup.sh'
[6.933s] INFO:colcon.colcon_core.shell:Creating prefix util module '/home/tugberk/Desktop/Projects/ROS-test/install/_local_setup_util_sh.py'
[6.935s] INFO:colcon.colcon_core.shell:Creating prefix chain script '/home/tugberk/Desktop/Projects/ROS-test/install/setup.sh'
[6.939s] INFO:colcon.colcon_core.shell:Creating prefix script '/home/tugberk/Desktop/Projects/ROS-test/install/local_setup.bash'
[6.941s] INFO:colcon.colcon_core.shell:Creating prefix chain script '/home/tugberk/Desktop/Projects/ROS-test/install/setup.bash'
[6.944s] INFO:colcon.colcon_core.shell:Creating prefix script '/home/tugberk/Desktop/Projects/ROS-test/install/local_setup.zsh'
[6.947s] INFO:colcon.colcon_core.shell:Creating prefix chain script '/home/tugberk/Desktop/Projects/ROS-test/install/setup.zsh'
