[0.763s] DEBUG:colcon:Command line arguments: ['/usr/bin/colcon', 'build']
[0.763s] DEBUG:colcon:Parsed command line arguments: Namespace(log_base=None, log_level=None, verb_name='build', build_base='build', install_base='install', merge_install=False, symlink_install=False, test_result_base=None, continue_on_error=False, executor='parallel', parallel_workers=16, event_handlers=None, ignore_user_meta=False, metas=['./colcon.meta'], base_paths=['.'], packages_ignore=None, packages_ignore_regex=None, paths=None, packages_up_to=None, packages_up_to_regex=None, packages_above=None, packages_above_and_dependencies=None, packages_above_depth=None, packages_select_by_dep=None, packages_skip_by_dep=None, packages_skip_up_to=None, packages_select_build_failed=False, packages_skip_build_finished=False, packages_select_test_failures=False, packages_skip_test_passed=False, packages_select=None, packages_skip=None, packages_select_regex=None, packages_skip_regex=None, packages_start=None, packages_end=None, allow_overriding=[], cmake_args=None, cmake_target=None, cmake_target_skip_unavailable=False, cmake_clean_cache=False, cmake_clean_first=False, cmake_force_configure=False, ament_cmake_args=None, catkin_cmake_args=None, catkin_skip_building_tests=False, verb_parser=<colcon_defaults.argument_parser.defaults.DefaultArgumentsDecorator object at 0x757c95b888e0>, verb_extension=<colcon_core.verb.build.BuildVerb object at 0x757c95b88340>, main=<bound method BuildVerb.main of <colcon_core.verb.build.BuildVerb object at 0x757c95b88340>>)
[1.798s] Level 1:colcon.colcon_core.package_discovery:discover_packages(colcon_meta) check parameters
[1.798s] Level 1:colcon.colcon_core.package_discovery:discover_packages(recursive) check parameters
[1.798s] Level 1:colcon.colcon_core.package_discovery:discover_packages(ignore) check parameters
[1.798s] Level 1:colcon.colcon_core.package_discovery:discover_packages(path) check parameters
[1.799s] Level 1:colcon.colcon_core.package_discovery:discover_packages(colcon_meta) discover
[1.799s] Level 1:colcon.colcon_core.package_discovery:discover_packages(recursive) discover
[1.799s] INFO:colcon.colcon_core.package_discovery:Crawling recursively for packages in '/home/tugberk/Desktop/Projects/ROS-test'
[1.799s] Level 1:colcon.colcon_core.package_identification:_identify(.) by extensions ['ignore', 'ignore_ament_install']
[1.800s] Level 1:colcon.colcon_core.package_identification:_identify(.) by extension 'ignore'
[1.800s] Level 1:colcon.colcon_core.package_identification:_identify(.) by extension 'ignore_ament_install'
[1.800s] Level 1:colcon.colcon_core.package_identification:_identify(.) by extensions ['colcon_pkg']
[1.800s] Level 1:colcon.colcon_core.package_identification:_identify(.) by extension 'colcon_pkg'
[1.801s] Level 1:colcon.colcon_core.package_identification:_identify(.) by extensions ['colcon_meta']
[1.801s] Level 1:colcon.colcon_core.package_identification:_identify(.) by extension 'colcon_meta'
[1.801s] Level 1:colcon.colcon_core.package_identification:_identify(.) by extensions ['ros']
[1.801s] Level 1:colcon.colcon_core.package_identification:_identify(.) by extension 'ros'
[1.920s] Level 1:colcon.colcon_core.package_identification:_identify(.) by extensions ['cmake', 'python']
[1.920s] Level 1:colcon.colcon_core.package_identification:_identify(.) by extension 'cmake'
[1.920s] Level 1:colcon.colcon_core.package_identification:_identify(.) by extension 'python'
[1.921s] Level 1:colcon.colcon_core.package_identification:_identify(.) by extensions ['python_setup_py']
[1.921s] Level 1:colcon.colcon_core.package_identification:_identify(.) by extension 'python_setup_py'
[1.921s] Level 1:colcon.colcon_core.package_identification:_identify(build) by extensions ['ignore', 'ignore_ament_install']
[1.922s] Level 1:colcon.colcon_core.package_identification:_identify(build) by extension 'ignore'
[1.922s] Level 1:colcon.colcon_core.package_identification:_identify(build) ignored
[1.922s] Level 1:colcon.colcon_core.package_identification:_identify(install) by extensions ['ignore', 'ignore_ament_install']
[1.923s] Level 1:colcon.colcon_core.package_identification:_identify(install) by extension 'ignore'
[1.923s] Level 1:colcon.colcon_core.package_identification:_identify(install) ignored
[1.923s] Level 1:colcon.colcon_core.package_identification:_identify(log) by extensions ['ignore', 'ignore_ament_install']
[1.924s] Level 1:colcon.colcon_core.package_identification:_identify(log) by extension 'ignore'
[1.924s] Level 1:colcon.colcon_core.package_identification:_identify(log) ignored
[1.924s] Level 1:colcon.colcon_core.package_identification:_identify(src) by extensions ['ignore', 'ignore_ament_install']
[1.925s] Level 1:colcon.colcon_core.package_identification:_identify(src) by extension 'ignore'
[1.925s] Level 1:colcon.colcon_core.package_identification:_identify(src) by extension 'ignore_ament_install'
[1.925s] Level 1:colcon.colcon_core.package_identification:_identify(src) by extensions ['colcon_pkg']
[1.925s] Level 1:colcon.colcon_core.package_identification:_identify(src) by extension 'colcon_pkg'
[1.926s] Level 1:colcon.colcon_core.package_identification:_identify(src) by extensions ['colcon_meta']
[1.926s] Level 1:colcon.colcon_core.package_identification:_identify(src) by extension 'colcon_meta'
[1.926s] Level 1:colcon.colcon_core.package_identification:_identify(src) by extensions ['ros']
[1.926s] Level 1:colcon.colcon_core.package_identification:_identify(src) by extension 'ros'
[1.926s] Level 1:colcon.colcon_core.package_identification:_identify(src) by extensions ['cmake', 'python']
[1.927s] Level 1:colcon.colcon_core.package_identification:_identify(src) by extension 'cmake'
[1.927s] Level 1:colcon.colcon_core.package_identification:_identify(src) by extension 'python'
[1.927s] Level 1:colcon.colcon_core.package_identification:_identify(src) by extensions ['python_setup_py']
[1.927s] Level 1:colcon.colcon_core.package_identification:_identify(src) by extension 'python_setup_py'
[1.927s] Level 1:colcon.colcon_core.package_identification:_identify(src/drone_avoidance) by extensions ['ignore', 'ignore_ament_install']
[1.928s] Level 1:colcon.colcon_core.package_identification:_identify(src/drone_avoidance) by extension 'ignore'
[1.928s] Level 1:colcon.colcon_core.package_identification:_identify(src/drone_avoidance) by extension 'ignore_ament_install'
[1.928s] Level 1:colcon.colcon_core.package_identification:_identify(src/drone_avoidance) by extensions ['colcon_pkg']
[1.928s] Level 1:colcon.colcon_core.package_identification:_identify(src/drone_avoidance) by extension 'colcon_pkg'
[1.929s] Level 1:colcon.colcon_core.package_identification:_identify(src/drone_avoidance) by extensions ['colcon_meta']
[1.929s] Level 1:colcon.colcon_core.package_identification:_identify(src/drone_avoidance) by extension 'colcon_meta'
[1.929s] Level 1:colcon.colcon_core.package_identification:_identify(src/drone_avoidance) by extensions ['ros']
[1.929s] Level 1:colcon.colcon_core.package_identification:_identify(src/drone_avoidance) by extension 'ros'
[1.939s] DEBUG:colcon.colcon_core.package_identification:Package 'src/drone_avoidance' with type 'ros.ament_python' and name 'drone_avoidance'
[1.939s] Level 1:colcon.colcon_core.package_discovery:discover_packages(recursive) using defaults
[1.939s] Level 1:colcon.colcon_core.package_discovery:discover_packages(ignore) discover
[1.940s] Level 1:colcon.colcon_core.package_discovery:discover_packages(ignore) using defaults
[1.940s] Level 1:colcon.colcon_core.package_discovery:discover_packages(path) discover
[1.940s] Level 1:colcon.colcon_core.package_discovery:discover_packages(path) using defaults
[2.023s] Level 1:colcon.colcon_core.package_discovery:discover_packages(prefix_path) check parameters
[2.023s] Level 1:colcon.colcon_core.package_discovery:discover_packages(prefix_path) discover
[2.031s] DEBUG:colcon.colcon_installed_package_information.package_discovery:Found 1 installed packages in /home/tugberk/Desktop/Projects/ROS-test/install
[2.037s] DEBUG:colcon.colcon_installed_package_information.package_discovery:Found 373 installed packages in /opt/ros/humble
[2.044s] Level 1:colcon.colcon_core.package_discovery:discover_packages(prefix_path) using defaults
[2.234s] Level 5:colcon.colcon_core.verb:set package 'drone_avoidance' build argument 'cmake_args' from command line to 'None'
[2.234s] Level 5:colcon.colcon_core.verb:set package 'drone_avoidance' build argument 'cmake_target' from command line to 'None'
[2.234s] Level 5:colcon.colcon_core.verb:set package 'drone_avoidance' build argument 'cmake_target_skip_unavailable' from command line to 'False'
[2.234s] Level 5:colcon.colcon_core.verb:set package 'drone_avoidance' build argument 'cmake_clean_cache' from command line to 'False'
[2.234s] Level 5:colcon.colcon_core.verb:set package 'drone_avoidance' build argument 'cmake_clean_first' from command line to 'False'
[2.235s] Level 5:colcon.colcon_core.verb:set package 'drone_avoidance' build argument 'cmake_force_configure' from command line to 'False'
[2.235s] Level 5:colcon.colcon_core.verb:set package 'drone_avoidance' build argument 'ament_cmake_args' from command line to 'None'
[2.235s] Level 5:colcon.colcon_core.verb:set package 'drone_avoidance' build argument 'catkin_cmake_args' from command line to 'None'
[2.235s] Level 5:colcon.colcon_core.verb:set package 'drone_avoidance' build argument 'catkin_skip_building_tests' from command line to 'False'
[2.235s] DEBUG:colcon.colcon_core.verb:Building package 'drone_avoidance' with the following arguments: {'ament_cmake_args': None, 'build_base': '/home/tugberk/Desktop/Projects/ROS-test/build/drone_avoidance', 'catkin_cmake_args': None, 'catkin_skip_building_tests': False, 'cmake_args': None, 'cmake_clean_cache': False, 'cmake_clean_first': False, 'cmake_force_configure': False, 'cmake_target': None, 'cmake_target_skip_unavailable': False, 'install_base': '/home/tugberk/Desktop/Projects/ROS-test/install/drone_avoidance', 'merge_install': False, 'path': '/home/tugberk/Desktop/Projects/ROS-test/src/drone_avoidance', 'symlink_install': False, 'test_result_base': None}
[2.236s] INFO:colcon.colcon_core.executor:Executing jobs using 'parallel' executor
[2.239s] DEBUG:colcon.colcon_parallel_executor.executor.parallel:run_until_complete
[2.240s] INFO:colcon.colcon_ros.task.ament_python.build:Building ROS package in '/home/tugberk/Desktop/Projects/ROS-test/src/drone_avoidance' with build type 'ament_python'
[2.240s] Level 1:colcon.colcon_core.shell:create_environment_hook('drone_avoidance', 'ament_prefix_path')
[2.251s] INFO:colcon.colcon_core.plugin_system:Skipping extension 'colcon_core.shell.bat': Not used on non-Windows systems
[2.251s] INFO:colcon.colcon_core.shell:Creating environment hook '/home/tugberk/Desktop/Projects/ROS-test/install/drone_avoidance/share/drone_avoidance/hook/ament_prefix_path.ps1'
[2.254s] INFO:colcon.colcon_core.shell:Creating environment descriptor '/home/tugberk/Desktop/Projects/ROS-test/install/drone_avoidance/share/drone_avoidance/hook/ament_prefix_path.dsv'
[2.256s] INFO:colcon.colcon_core.shell:Creating environment hook '/home/tugberk/Desktop/Projects/ROS-test/install/drone_avoidance/share/drone_avoidance/hook/ament_prefix_path.sh'
[2.259s] INFO:colcon.colcon_core.shell:Skip shell extension 'powershell' for command environment: Not usable outside of PowerShell
[2.259s] DEBUG:colcon.colcon_core.shell:Skip shell extension 'dsv' for command environment
[3.464s] WARNING:colcon.colcon_ros.task.ament_python.build:Package 'drone_avoidance' doesn't explicitly install a marker in the package index (colcon-ros currently does it implicitly but that fallback will be removed in the future)
[3.465s] INFO:colcon.colcon_core.task.python.build:Building Python package in '/home/tugberk/Desktop/Projects/ROS-test/src/drone_avoidance'
[3.466s] INFO:colcon.colcon_core.shell:Skip shell extension 'powershell' for command environment: Not usable outside of PowerShell
[3.466s] DEBUG:colcon.colcon_core.shell:Skip shell extension 'dsv' for command environment
[4.952s] DEBUG:colcon.colcon_core.event_handler.log_command:Invoking command in '/home/tugberk/Desktop/Projects/ROS-test/src/drone_avoidance': PYTHONPATH=/home/tugberk/Desktop/Projects/ROS-test/build/drone_avoidance/prefix_override:/usr/lib/python3/dist-packages/colcon_core/task/python/colcon_distutils_commands:/home/tugberk/Desktop/Projects/ROS-test/install/drone_avoidance/lib/python3.10/site-packages:${PYTHONPATH} /usr/bin/python3 -W ignore:setup.py install is deprecated setup.py egg_info --egg-base ../../build/drone_avoidance build --build-base /home/tugberk/Desktop/Projects/ROS-test/build/drone_avoidance/build install --record /home/tugberk/Desktop/Projects/ROS-test/build/drone_avoidance/install.log --single-version-externally-managed install_data
[6.261s] DEBUG:colcon.colcon_core.event_handler.log_command:Invoked command in '/home/tugberk/Desktop/Projects/ROS-test/src/drone_avoidance' returned '0': PYTHONPATH=/home/tugberk/Desktop/Projects/ROS-test/build/drone_avoidance/prefix_override:/usr/lib/python3/dist-packages/colcon_core/task/python/colcon_distutils_commands:/home/tugberk/Desktop/Projects/ROS-test/install/drone_avoidance/lib/python3.10/site-packages:${PYTHONPATH} /usr/bin/python3 -W ignore:setup.py install is deprecated setup.py egg_info --egg-base ../../build/drone_avoidance build --build-base /home/tugberk/Desktop/Projects/ROS-test/build/drone_avoidance/build install --record /home/tugberk/Desktop/Projects/ROS-test/build/drone_avoidance/install.log --single-version-externally-managed install_data
[6.274s] Level 1:colcon.colcon_core.environment:checking '/home/tugberk/Desktop/Projects/ROS-test/install/drone_avoidance' for CMake module files
[6.276s] Level 1:colcon.colcon_core.environment:checking '/home/tugberk/Desktop/Projects/ROS-test/install/drone_avoidance' for CMake config files
[6.279s] Level 1:colcon.colcon_core.environment:checking '/home/tugberk/Desktop/Projects/ROS-test/install/drone_avoidance/lib'
[6.280s] Level 1:colcon.colcon_core.environment:checking '/home/tugberk/Desktop/Projects/ROS-test/install/drone_avoidance/bin'
[6.280s] Level 1:colcon.colcon_core.environment:checking '/home/tugberk/Desktop/Projects/ROS-test/install/drone_avoidance/lib/pkgconfig/drone_avoidance.pc'
[6.281s] Level 1:colcon.colcon_core.environment:checking '/home/tugberk/Desktop/Projects/ROS-test/install/drone_avoidance/lib/python3.10/site-packages'
[6.281s] Level 1:colcon.colcon_core.shell:create_environment_hook('drone_avoidance', 'pythonpath')
[6.282s] INFO:colcon.colcon_core.shell:Creating environment hook '/home/tugberk/Desktop/Projects/ROS-test/install/drone_avoidance/share/drone_avoidance/hook/pythonpath.ps1'
[6.284s] INFO:colcon.colcon_core.shell:Creating environment descriptor '/home/tugberk/Desktop/Projects/ROS-test/install/drone_avoidance/share/drone_avoidance/hook/pythonpath.dsv'
[6.285s] INFO:colcon.colcon_core.shell:Creating environment hook '/home/tugberk/Desktop/Projects/ROS-test/install/drone_avoidance/share/drone_avoidance/hook/pythonpath.sh'
[6.287s] Level 1:colcon.colcon_core.environment:checking '/home/tugberk/Desktop/Projects/ROS-test/install/drone_avoidance/bin'
[6.287s] Level 1:colcon.colcon_core.environment:create_environment_scripts_only(drone_avoidance)
[6.289s] INFO:colcon.colcon_core.shell:Creating package script '/home/tugberk/Desktop/Projects/ROS-test/install/drone_avoidance/share/drone_avoidance/package.ps1'
[6.292s] INFO:colcon.colcon_core.shell:Creating package descriptor '/home/tugberk/Desktop/Projects/ROS-test/install/drone_avoidance/share/drone_avoidance/package.dsv'
[6.295s] INFO:colcon.colcon_core.shell:Creating package script '/home/tugberk/Desktop/Projects/ROS-test/install/drone_avoidance/share/drone_avoidance/package.sh'
[6.298s] INFO:colcon.colcon_core.shell:Creating package script '/home/tugberk/Desktop/Projects/ROS-test/install/drone_avoidance/share/drone_avoidance/package.bash'
[6.301s] INFO:colcon.colcon_core.shell:Creating package script '/home/tugberk/Desktop/Projects/ROS-test/install/drone_avoidance/share/drone_avoidance/package.zsh'
[6.304s] Level 1:colcon.colcon_core.environment:create_file_with_runtime_dependencies(/home/tugberk/Desktop/Projects/ROS-test/install/drone_avoidance/share/colcon-core/packages/drone_avoidance)
[6.305s] DEBUG:colcon.colcon_parallel_executor.executor.parallel:closing loop
[6.307s] DEBUG:colcon.colcon_parallel_executor.executor.parallel:loop closed
[6.307s] DEBUG:colcon.colcon_parallel_executor.executor.parallel:run_until_complete finished with '0'
[6.307s] DEBUG:colcon.colcon_core.event_reactor:joining thread
[6.329s] INFO:colcon.colcon_core.plugin_system:Skipping extension 'colcon_notification.desktop_notification.terminal_notifier': Not used on non-Darwin systems
[6.329s] INFO:colcon.colcon_core.plugin_system:Skipping extension 'colcon_notification.desktop_notification.win32': Not used on non-Windows systems
[6.329s] INFO:colcon.colcon_notification.desktop_notification:Sending desktop notification using 'notify2'
[6.417s] DEBUG:colcon.colcon_core.event_reactor:joined thread
[6.418s] INFO:colcon.colcon_core.shell:Creating prefix script '/home/tugberk/Desktop/Projects/ROS-test/install/local_setup.ps1'
[6.422s] INFO:colcon.colcon_core.shell:Creating prefix util module '/home/tugberk/Desktop/Projects/ROS-test/install/_local_setup_util_ps1.py'
[6.428s] INFO:colcon.colcon_core.shell:Creating prefix chain script '/home/tugberk/Desktop/Projects/ROS-test/install/setup.ps1'
[6.432s] INFO:colcon.colcon_core.shell:Creating prefix script '/home/tugberk/Desktop/Projects/ROS-test/install/local_setup.sh'
[6.435s] INFO:colcon.colcon_core.shell:Creating prefix util module '/home/tugberk/Desktop/Projects/ROS-test/install/_local_setup_util_sh.py'
[6.437s] INFO:colcon.colcon_core.shell:Creating prefix chain script '/home/tugberk/Desktop/Projects/ROS-test/install/setup.sh'
[6.442s] INFO:colcon.colcon_core.shell:Creating prefix script '/home/tugberk/Desktop/Projects/ROS-test/install/local_setup.bash'
[6.460s] INFO:colcon.colcon_core.shell:Creating prefix chain script '/home/tugberk/Desktop/Projects/ROS-test/install/setup.bash'
[6.465s] INFO:colcon.colcon_core.shell:Creating prefix script '/home/tugberk/Desktop/Projects/ROS-test/install/local_setup.zsh'
[6.470s] INFO:colcon.colcon_core.shell:Creating prefix chain script '/home/tugberk/Desktop/Projects/ROS-test/install/setup.zsh'
