running egg_info
creating ../../build/drone_avoidance/drone_avoidance.egg-info
writing ../../build/drone_avoidance/drone_avoidance.egg-info/PKG-INFO
writing dependency_links to ../../build/drone_avoidance/drone_avoidance.egg-info/dependency_links.txt
writing entry points to ../../build/drone_avoidance/drone_avoidance.egg-info/entry_points.txt
writing requirements to ../../build/drone_avoidance/drone_avoidance.egg-info/requires.txt
writing top-level names to ../../build/drone_avoidance/drone_avoidance.egg-info/top_level.txt
writing manifest file '../../build/drone_avoidance/drone_avoidance.egg-info/SOURCES.txt'
reading manifest file '../../build/drone_avoidance/drone_avoidance.egg-info/SOURCES.txt'
writing manifest file '../../build/drone_avoidance/drone_avoidance.egg-info/SOURCES.txt'
running build
running build_py
creating /home/tugberk/Desktop/ROS-test/build/drone_avoidance/build
creating /home/tugberk/Desktop/ROS-test/build/drone_avoidance/build/lib
creating /home/tugberk/Desktop/ROS-test/build/drone_avoidance/build/lib/drone_avoidance
copying drone_avoidance/__init__.py -> /home/tugberk/Desktop/ROS-test/build/drone_avoidance/build/lib/drone_avoidance
copying drone_avoidance/object_avoidance.py -> /home/tugberk/Desktop/ROS-test/build/drone_avoidance/build/lib/drone_avoidance
running install
running install_lib
creating /home/tugberk/Desktop/ROS-test/install/drone_avoidance/lib/python3.10/site-packages/drone_avoidance
copying /home/tugberk/Desktop/ROS-test/build/drone_avoidance/build/lib/drone_avoidance/__init__.py -> /home/tugberk/Desktop/ROS-test/install/drone_avoidance/lib/python3.10/site-packages/drone_avoidance
copying /home/tugberk/Desktop/ROS-test/build/drone_avoidance/build/lib/drone_avoidance/object_avoidance.py -> /home/tugberk/Desktop/ROS-test/install/drone_avoidance/lib/python3.10/site-packages/drone_avoidance
byte-compiling /home/tugberk/Desktop/ROS-test/install/drone_avoidance/lib/python3.10/site-packages/drone_avoidance/__init__.py to __init__.cpython-310.pyc
byte-compiling /home/tugberk/Desktop/ROS-test/install/drone_avoidance/lib/python3.10/site-packages/drone_avoidance/object_avoidance.py to object_avoidance.cpython-310.pyc
running install_data
creating /home/tugberk/Desktop/ROS-test/install/drone_avoidance/share/ament_index
creating /home/tugberk/Desktop/ROS-test/install/drone_avoidance/share/ament_index/resource_index
creating /home/tugberk/Desktop/ROS-test/install/drone_avoidance/share/ament_index/resource_index/packages
copying resource/drone_avoidance -> /home/tugberk/Desktop/ROS-test/install/drone_avoidance/share/ament_index/resource_index/packages
copying package.xml -> /home/tugberk/Desktop/ROS-test/install/drone_avoidance/share/drone_avoidance
running install_egg_info
Copying ../../build/drone_avoidance/drone_avoidance.egg-info to /home/tugberk/Desktop/ROS-test/install/drone_avoidance/lib/python3.10/site-packages/drone_avoidance-0.0.0-py3.10.egg-info
running install_scripts
writing list of installed files to '/home/tugberk/Desktop/ROS-test/build/drone_avoidance/install.log'
