[0.659s] Invoking command in '/home/tugberk/Desktop/ROS-test/src/drone_avoidance': PYTHONPATH=/home/tugberk/Desktop/ROS-test/build/drone_avoidance/prefix_override:/usr/lib/python3/dist-packages/colcon_core/task/python/colcon_distutils_commands:/home/tugberk/Desktop/ROS-test/install/drone_avoidance/lib/python3.10/site-packages:${PYTHONPATH} /usr/bin/python3 -W ignore:setup.py install is deprecated setup.py egg_info --egg-base ../../build/drone_avoidance build --build-base /home/tugberk/Desktop/ROS-test/build/drone_avoidance/build install --record /home/tugberk/Desktop/ROS-test/build/drone_avoidance/install.log --single-version-externally-managed install_data
[0.937s] running egg_info
[0.937s] creating ../../build/drone_avoidance/drone_avoidance.egg-info
[0.937s] writing ../../build/drone_avoidance/drone_avoidance.egg-info/PKG-INFO
[0.937s] writing dependency_links to ../../build/drone_avoidance/drone_avoidance.egg-info/dependency_links.txt
[0.938s] writing entry points to ../../build/drone_avoidance/drone_avoidance.egg-info/entry_points.txt
[0.938s] writing requirements to ../../build/drone_avoidance/drone_avoidance.egg-info/requires.txt
[0.938s] writing top-level names to ../../build/drone_avoidance/drone_avoidance.egg-info/top_level.txt
[0.938s] writing manifest file '../../build/drone_avoidance/drone_avoidance.egg-info/SOURCES.txt'
[0.939s] reading manifest file '../../build/drone_avoidance/drone_avoidance.egg-info/SOURCES.txt'
[0.940s] writing manifest file '../../build/drone_avoidance/drone_avoidance.egg-info/SOURCES.txt'
[0.940s] running build
[0.940s] running build_py
[0.941s] creating /home/tugberk/Desktop/ROS-test/build/drone_avoidance/build
[0.941s] creating /home/tugberk/Desktop/ROS-test/build/drone_avoidance/build/lib
[0.941s] creating /home/tugberk/Desktop/ROS-test/build/drone_avoidance/build/lib/drone_avoidance
[0.941s] copying drone_avoidance/__init__.py -> /home/tugberk/Desktop/ROS-test/build/drone_avoidance/build/lib/drone_avoidance
[0.941s] copying drone_avoidance/object_avoidance.py -> /home/tugberk/Desktop/ROS-test/build/drone_avoidance/build/lib/drone_avoidance
[0.941s] running install
[0.941s] running install_lib
[0.942s] creating /home/tugberk/Desktop/ROS-test/install/drone_avoidance/lib/python3.10/site-packages/drone_avoidance
[0.942s] copying /home/tugberk/Desktop/ROS-test/build/drone_avoidance/build/lib/drone_avoidance/__init__.py -> /home/tugberk/Desktop/ROS-test/install/drone_avoidance/lib/python3.10/site-packages/drone_avoidance
[0.942s] copying /home/tugberk/Desktop/ROS-test/build/drone_avoidance/build/lib/drone_avoidance/object_avoidance.py -> /home/tugberk/Desktop/ROS-test/install/drone_avoidance/lib/python3.10/site-packages/drone_avoidance
[0.942s] byte-compiling /home/tugberk/Desktop/ROS-test/install/drone_avoidance/lib/python3.10/site-packages/drone_avoidance/__init__.py to __init__.cpython-310.pyc
[0.942s] byte-compiling /home/tugberk/Desktop/ROS-test/install/drone_avoidance/lib/python3.10/site-packages/drone_avoidance/object_avoidance.py to object_avoidance.cpython-310.pyc
[0.942s] running install_data
[0.943s] creating /home/tugberk/Desktop/ROS-test/install/drone_avoidance/share/ament_index
[0.943s] creating /home/tugberk/Desktop/ROS-test/install/drone_avoidance/share/ament_index/resource_index
[0.943s] creating /home/tugberk/Desktop/ROS-test/install/drone_avoidance/share/ament_index/resource_index/packages
[0.943s] copying resource/drone_avoidance -> /home/tugberk/Desktop/ROS-test/install/drone_avoidance/share/ament_index/resource_index/packages
[0.943s] copying package.xml -> /home/tugberk/Desktop/ROS-test/install/drone_avoidance/share/drone_avoidance
[0.943s] running install_egg_info
[0.945s] Copying ../../build/drone_avoidance/drone_avoidance.egg-info to /home/tugberk/Desktop/ROS-test/install/drone_avoidance/lib/python3.10/site-packages/drone_avoidance-0.0.0-py3.10.egg-info
[0.945s] running install_scripts
[0.965s] writing list of installed files to '/home/tugberk/Desktop/ROS-test/build/drone_avoidance/install.log'
[0.983s] Invoked command in '/home/tugberk/Desktop/ROS-test/src/drone_avoidance' returned '0': PYTHONPATH=/home/tugberk/Desktop/ROS-test/build/drone_avoidance/prefix_override:/usr/lib/python3/dist-packages/colcon_core/task/python/colcon_distutils_commands:/home/tugberk/Desktop/ROS-test/install/drone_avoidance/lib/python3.10/site-packages:${PYTHONPATH} /usr/bin/python3 -W ignore:setup.py install is deprecated setup.py egg_info --egg-base ../../build/drone_avoidance build --build-base /home/tugberk/Desktop/ROS-test/build/drone_avoidance/build install --record /home/tugberk/Desktop/ROS-test/build/drone_avoidance/install.log --single-version-externally-managed install_data
