[2.471s] Invoking command in '/home/tugberk/Desktop/Projects/ROS-test/src/drone_avoidance': PYTHONPATH=/home/tugberk/Desktop/Projects/ROS-test/build/drone_avoidance/prefix_override:/usr/lib/python3/dist-packages/colcon_core/task/python/colcon_distutils_commands:/home/tugberk/Desktop/Projects/ROS-test/install/drone_avoidance/lib/python3.10/site-packages:${PYTHONPATH} /usr/bin/python3 -W ignore:setup.py install is deprecated setup.py egg_info --egg-base ../../build/drone_avoidance build --build-base /home/tugberk/Desktop/Projects/ROS-test/build/drone_avoidance/build install --record /home/tugberk/Desktop/Projects/ROS-test/build/drone_avoidance/install.log --single-version-externally-managed install_data
[3.620s] running egg_info
[3.623s] writing ../../build/drone_avoidance/drone_avoidance.egg-info/PKG-INFO
[3.623s] writing dependency_links to ../../build/drone_avoidance/drone_avoidance.egg-info/dependency_links.txt
[3.624s] writing entry points to ../../build/drone_avoidance/drone_avoidance.egg-info/entry_points.txt
[3.624s] writing requirements to ../../build/drone_avoidance/drone_avoidance.egg-info/requires.txt
[3.625s] writing top-level names to ../../build/drone_avoidance/drone_avoidance.egg-info/top_level.txt
[3.631s] reading manifest file '../../build/drone_avoidance/drone_avoidance.egg-info/SOURCES.txt'
[3.634s] writing manifest file '../../build/drone_avoidance/drone_avoidance.egg-info/SOURCES.txt'
[3.635s] running build
[3.635s] running build_py
[3.635s] copying drone_avoidance/object_avoidance.py -> /home/tugberk/Desktop/Projects/ROS-test/build/drone_avoidance/build/lib/drone_avoidance
[3.636s] running install
[3.637s] running install_lib
[3.641s] copying /home/tugberk/Desktop/Projects/ROS-test/build/drone_avoidance/build/lib/drone_avoidance/object_avoidance.py -> /home/tugberk/Desktop/Projects/ROS-test/install/drone_avoidance/lib/python3.10/site-packages/drone_avoidance
[3.643s] byte-compiling /home/tugberk/Desktop/Projects/ROS-test/install/drone_avoidance/lib/python3.10/site-packages/drone_avoidance/object_avoidance.py to object_avoidance.cpython-310.pyc
[3.647s] running install_data
[3.648s] running install_egg_info
[3.657s] removing '/home/tugberk/Desktop/Projects/ROS-test/install/drone_avoidance/lib/python3.10/site-packages/drone_avoidance-0.0.0-py3.10.egg-info' (and everything under it)
[3.658s] Copying ../../build/drone_avoidance/drone_avoidance.egg-info to /home/tugberk/Desktop/Projects/ROS-test/install/drone_avoidance/lib/python3.10/site-packages/drone_avoidance-0.0.0-py3.10.egg-info
[3.661s] running install_scripts
[3.731s] Installing object_avoidance script to /home/tugberk/Desktop/Projects/ROS-test/install/drone_avoidance/lib/drone_avoidance
[3.732s] writing list of installed files to '/home/tugberk/Desktop/Projects/ROS-test/build/drone_avoidance/install.log'
[3.795s] Invoked command in '/home/tugberk/Desktop/Projects/ROS-test/src/drone_avoidance' returned '0': PYTHONPATH=/home/tugberk/Desktop/Projects/ROS-test/build/drone_avoidance/prefix_override:/usr/lib/python3/dist-packages/colcon_core/task/python/colcon_distutils_commands:/home/tugberk/Desktop/Projects/ROS-test/install/drone_avoidance/lib/python3.10/site-packages:${PYTHONPATH} /usr/bin/python3 -W ignore:setup.py install is deprecated setup.py egg_info --egg-base ../../build/drone_avoidance build --build-base /home/tugberk/Desktop/Projects/ROS-test/build/drone_avoidance/build install --record /home/tugberk/Desktop/Projects/ROS-test/build/drone_avoidance/install.log --single-version-externally-managed install_data
