[0.728s] Invoking command in '/home/tugberk/Desktop/ROS-test/src/drone_avoidance': PYTHONPATH=/home/tugberk/Desktop/ROS-test/build/drone_avoidance/prefix_override:/usr/lib/python3/dist-packages/colcon_core/task/python/colcon_distutils_commands:/home/tugberk/Desktop/ROS-test/install/drone_avoidance/lib/python3.10/site-packages:${PYTHONPATH} /usr/bin/python3 -W ignore:setup.py install is deprecated setup.py egg_info --egg-base ../../build/drone_avoidance build --build-base /home/tugberk/Desktop/ROS-test/build/drone_avoidance/build install --record /home/tugberk/Desktop/ROS-test/build/drone_avoidance/install.log --single-version-externally-managed install_data
[1.008s] running egg_info
[1.009s] writing ../../build/drone_avoidance/drone_avoidance.egg-info/PKG-INFO
[1.009s] writing dependency_links to ../../build/drone_avoidance/drone_avoidance.egg-info/dependency_links.txt
[1.010s] writing entry points to ../../build/drone_avoidance/drone_avoidance.egg-info/entry_points.txt
[1.010s] writing requirements to ../../build/drone_avoidance/drone_avoidance.egg-info/requires.txt
[1.010s] writing top-level names to ../../build/drone_avoidance/drone_avoidance.egg-info/top_level.txt
[1.011s] reading manifest file '../../build/drone_avoidance/drone_avoidance.egg-info/SOURCES.txt'
[1.019s] writing manifest file '../../build/drone_avoidance/drone_avoidance.egg-info/SOURCES.txt'
[1.019s] running build
[1.019s] running build_py
[1.019s] copying drone_avoidance/object_avoidance.py -> /home/tugberk/Desktop/ROS-test/build/drone_avoidance/build/lib/drone_avoidance
[1.020s] running install
[1.020s] running install_lib
[1.021s] copying /home/tugberk/Desktop/ROS-test/build/drone_avoidance/build/lib/drone_avoidance/object_avoidance.py -> /home/tugberk/Desktop/ROS-test/install/drone_avoidance/lib/python3.10/site-packages/drone_avoidance
[1.021s] byte-compiling /home/tugberk/Desktop/ROS-test/install/drone_avoidance/lib/python3.10/site-packages/drone_avoidance/object_avoidance.py to object_avoidance.cpython-310.pyc
[1.022s] running install_data
[1.022s] running install_egg_info
[1.024s] removing '/home/tugberk/Desktop/ROS-test/install/drone_avoidance/lib/python3.10/site-packages/drone_avoidance-0.0.0-py3.10.egg-info' (and everything under it)
[1.024s] Copying ../../build/drone_avoidance/drone_avoidance.egg-info to /home/tugberk/Desktop/ROS-test/install/drone_avoidance/lib/python3.10/site-packages/drone_avoidance-0.0.0-py3.10.egg-info
[1.025s] running install_scripts
[1.043s] Installing object_avoidance script to /home/tugberk/Desktop/ROS-test/install/drone_avoidance/lib/drone_avoidance
[1.043s] writing list of installed files to '/home/tugberk/Desktop/ROS-test/build/drone_avoidance/install.log'
[1.061s] Invoked command in '/home/tugberk/Desktop/ROS-test/src/drone_avoidance' returned '0': PYTHONPATH=/home/tugberk/Desktop/ROS-test/build/drone_avoidance/prefix_override:/usr/lib/python3/dist-packages/colcon_core/task/python/colcon_distutils_commands:/home/tugberk/Desktop/ROS-test/install/drone_avoidance/lib/python3.10/site-packages:${PYTHONPATH} /usr/bin/python3 -W ignore:setup.py install is deprecated setup.py egg_info --egg-base ../../build/drone_avoidance build --build-base /home/tugberk/Desktop/ROS-test/build/drone_avoidance/build install --record /home/tugberk/Desktop/ROS-test/build/drone_avoidance/install.log --single-version-externally-managed install_data
